<?xml version="1.0" encoding="UTF-8"?>
<testsuite xmlns:xsi="http://www.w3.org/2001/XMLSchema-instance" xsi:schemaLocation="https://maven.apache.org/surefire/maven-surefire-plugin/xsd/surefire-test-report.xsd" name="com.browserstack.test.suites.e2e.OrderTest" time="2.39" tests="3" errors="0" skipped="2" failures="1">
  <properties>
[...]
</properties>
  <testcase name="setUp" classname="com.browserstack.test.suites.e2e.OrderTest" time="2.279">
    <failure message="Unable to create a new remote session. Please check the server log for more details. Original error: Unable to parse remote response: Authorization required&#10;Build info: version: &apos;3.141.59&apos;, revision: &apos;e82be7d358&apos;, time: &apos;2018-11-14T08:17:03&apos;&#10;System info: host: &apos;Khalids-MBP&apos;, ip: &apos;192.168.8.101&apos;, os.name: &apos;Mac OS X&apos;, os.arch: &apos;x86_64&apos;, os.version: &apos;13.2&apos;, java.version: &apos;18.0.1&apos;&#10;Driver info: driver.version: AppiumDriver" type="org.openqa.selenium.SessionNotCreatedException">org.openqa.selenium.SessionNotCreatedException: 
Unable to create a new remote session. Please check the server log for more details. Original error: Unable to parse remote response: Authorization required
Build info: version: '3.141.59', revision: 'e82be7d358', time: '2018-11-14T08:17:03'
System info: host: 'Khalids-MBP', ip: '192.168.8.101', os.name: 'Mac OS X', os.arch: 'x86_64', os.version: '13.2', java.version: '18.0.1'
Driver info: driver.version: AppiumDriver
Caused by: java.lang.reflect.InvocationTargetException
Caused by: org.openqa.selenium.WebDriverException: Unable to parse remote response: Authorization required
Caused by: org.openqa.selenium.json.JsonException: 
Unable to determine type from: A. Last 1 characters read: A
Build info: version: '3.141.59', revision: 'e82be7d358', time: '2018-11-14T08:17:03'
System info: host: 'Khalids-MBP', ip: '192.168.8.101', os.name: 'Mac OS X', os.arch: 'x86_64', os.version: '13.2', java.version: '18.0.1'
Driver info: driver.version: AppiumDriver
</failure>
  </testcase>
  <testcase name="placeOrder" classname="com.browserstack.test.suites.e2e.OrderTest" time="0">
    <skipped message="Unable to create a new remote session. Please check the server log for more details. Original error: Unable to parse remote response: Authorization required&#10;Build info: version: &apos;3.141.59&apos;, revision: &apos;e82be7d358&apos;, time: &apos;2018-11-14T08:17:03&apos;&#10;System info: host: &apos;Khalids-MBP&apos;, ip: &apos;192.168.8.101&apos;, os.name: &apos;Mac OS X&apos;, os.arch: &apos;x86_64&apos;, os.version: &apos;13.2&apos;, java.version: &apos;18.0.1&apos;&#10;Driver info: driver.version: AppiumDriver"/>
  </testcase>
  <testcase name="tearDown" classname="com.browserstack.test.suites.e2e.OrderTest" time="0">
    <skipped/>
  </testcase>
</testsuite>